<html>
<body>
<pre>
<h1>µVision Build Log</h1>
<h2>Tool Versions:</h2>
IDE-Version: ¦ÌVision V5.38.0.0
Copyright (C) 2022 ARM Ltd and ARM Germany GmbH. All rights reserved.
License Information: dh 3285391919@qq.com, dh, LIC=65ISZ-JHQPC-9UT4U-SUBRH-F28WI-C7L50
 
Tool Versions:
Toolchain:       MDK-ARM Plus  Version: 5.36.0.0
Toolchain Path:  C:\Keil_v5\ARM\ARMCLANG\Bin
C Compiler:      ArmClang.exe V6.16
Assembler:       Armasm.exe V6.16
Linker/Locator:  ArmLink.exe V6.16
Library Manager: ArmAr.exe V6.16
Hex Converter:   FromElf.exe V6.16
CPU DLL:         SARMCM3.DLL V5.36.0.0
Dialog DLL:      DCM.DLL V1.17.3.0
Target DLL:      STLink\ST-LINKIII-KEIL_SWO.dll V3.0.9.0
Dialog DLL:      TCM.DLL V1.53.0.0
 
<h2>Project:</h2>
D:\2025ROV\H743_MotionController\MDK-ARM\MotionController.uvprojx
Project File Date:  07/17/2025

<h2>Output:</h2>
*** Using Compiler 'V6.16', folder: 'C:\Keil_v5\ARM\ARMCLANG\Bin'
Rebuild target 'MotionController'
assembling startup_stm32h743xx.s...
../Core/Src/dma.c(22): warning: In file included from...
../Core/Inc\dma.h(29): warning: In file included from...
../Core/Inc/main.h(34): error: 'autocontrol.h' file not found
#include "autocontrol.h"
         ^~~~~~~~~~~~~~~
1 error generated.
compiling dma.c...
../Core/Src/stm32h7xx_hal_msp.c(22): warning: In file included from...
../Core/Inc\main.h(34): error: 'autocontrol.h' file not found
#include "autocontrol.h"
         ^~~~~~~~~~~~~~~
1 error generated.
compiling stm32h7xx_hal_msp.c...
../Core/Src/stm32h7xx_it.c(21): warning: In file included from...
../Core/Inc\main.h(34): error: 'autocontrol.h' file not found
#include "autocontrol.h"
         ^~~~~~~~~~~~~~~
1 error generated.
compiling stm32h7xx_it.c...
../Core/Src/tim.c(21): warning: In file included from...
../Core/Inc\tim.h(29): warning: In file included from...
../Core/Inc/main.h(34): error: 'autocontrol.h' file not found
#include "autocontrol.h"
         ^~~~~~~~~~~~~~~
1 error generated.
compiling tim.c...
../Core/Src/fdcan.c(21): warning: In file included from...
../Core/Inc\fdcan.h(29): warning: In file included from...
../Core/Inc/main.h(34): error: 'autocontrol.h' file not found
#include "autocontrol.h"
         ^~~~~~~~~~~~~~~
1 error generated.
compiling fdcan.c...
../Core/Src/usart.c(21): warning: In file included from...
../Core/Inc\usart.h(29): warning: In file included from...
../Core/Inc/main.h(34): error: 'autocontrol.h' file not found
#include "autocontrol.h"
         ^~~~~~~~~~~~~~~
1 error generated.
compiling usart.c...
../Core/Src/gpio.c(22): warning: In file included from...
../Core/Inc\gpio.h(29): warning: In file included from...
../Core/Inc/main.h(34): error: 'autocontrol.h' file not found
#include "autocontrol.h"
         ^~~~~~~~~~~~~~~
1 error generated.
compiling gpio.c...
../Core/Src/main.c(20): warning: In file included from...
../Core/Inc\main.h(34): error: 'autocontrol.h' file not found
#include "autocontrol.h"
         ^~~~~~~~~~~~~~~
1 error generated.
compiling main.c...
compiling stm32h7xx_hal_cortex.c...
compiling stm32h7xx_hal_hsem.c...
compiling stm32h7xx_hal_gpio.c...
compiling stm32h7xx_hal_flash.c...
compiling stm32h7xx_hal_rcc.c...
compiling stm32h7xx_hal_flash_ex.c...
compiling stm32h7xx_hal_dma_ex.c...
compiling stm32h7xx_hal_pwr.c...
compiling stm32h7xx_hal_rcc_ex.c...
compiling stm32h7xx_hal_pwr_ex.c...
compiling stm32h7xx_hal_mdma.c...
compiling stm32h7xx_hal.c...
compiling stm32h7xx_hal_dma.c...
compiling stm32h7xx_hal_i2c_ex.c...
compiling stm32h7xx_hal_exti.c...
compiling system_stm32h7xx.c...
../HARDWARE/can_process.c(1): warning: In file included from...
../HARDWARE/can_process.h(4): warning: In file included from...
../Core/Inc\fdcan.h(29): warning: In file included from...
../Core/Inc/main.h(34): error: 'autocontrol.h' file not found
#include "autocontrol.h"
         ^~~~~~~~~~~~~~~
1 error generated.
compiling can_process.c...
compiling stm32h7xx_hal_uart_ex.c...
../HARDWARE/json_process.c(1): warning: In file included from...
../HARDWARE/json_process.h(5): warning: In file included from...
../Core/Inc\main.h(34): error: 'autocontrol.h' file not found
#include "autocontrol.h"
         ^~~~~~~~~~~~~~~
1 error generated.
compiling json_process.c...
../HARDWARE/RS485_process.c(1): warning: In file included from...
../HARDWARE/RS485_process.h(6): warning: In file included from...
../Core/Inc\usart.h(29): warning: In file included from...
../Core/Inc/main.h(34): error: 'autocontrol.h' file not found
#include "autocontrol.h"
         ^~~~~~~~~~~~~~~
1 error generated.
compiling RS485_process.c...
../HARDWARE/wt_usart.c(1): warning: In file included from...
../HARDWARE/wt_usart.h(4): warning: In file included from...
../Core/Inc\main.h(34): error: 'autocontrol.h' file not found
#include "autocontrol.h"
         ^~~~~~~~~~~~~~~
1 error generated.
compiling wt_usart.c...
compiling stm32h7xx_hal_tim_ex.c...
../Device/Src/comm.c(1): warning: In file included from...
../Device/Inc\comm.h(4): error: 'autocontrol.h' file not found
#include "autocontrol.h"
         ^~~~~~~~~~~~~~~
1 error generated.
compiling comm.c...
../Device/Src/motor.c(1): warning: In file included from...
../Device/Inc\motor.h(4): error: 'autocontrol.h' file not found
#include "autocontrol.h"
         ^~~~~~~~~~~~~~~
1 error generated.
compiling motor.c...
../Device/Src/thrust.c(1): warning: In file included from...
../Device/Inc\thrust.h(4): error: 'autocontrol.h' file not found
#include "autocontrol.h"
         ^~~~~~~~~~~~~~~
1 error generated.
compiling thrust.c...
../Device/Src/ms5837.c(1): warning: In file included from...
../Device/Inc\MS5837.h(5): warning: In file included from...
../Core/Inc\main.h(34): error: 'autocontrol.h' file not found
#include "autocontrol.h"
         ^~~~~~~~~~~~~~~
1 error generated.
compiling ms5837.c...
compiling stm32h7xx_hal_fdcan.c...
compiling stm32h7xx_hal_uart.c...
compiling stm32h7xx_hal_i2c.c...
compiling stm32h7xx_hal_tim.c...
compiling cJSON.c...
"MotionController\MotionController.axf" - 16 Error(s), 0 Warning(s).

<h2>Software Packages used:</h2>

Package Vendor: ARM
                http://www.keil.com/pack/ARM.CMSIS.5.8.0.pack
                ARM.CMSIS.5.8.0
                CMSIS (Common Microcontroller Software Interface Standard)
   * Component: CORE Version: 5.5.0

Package Vendor: Keil
                https://www.keil.com/pack/Keil.STM32H7xx_DFP.2.4.0.pack
                Keil.STM32H7xx_DFP.2.4.0
                STMicroelectronics STM32H7 Series Device Support and Examples

<h2>Collection of Component include folders:</h2>
  ./RTE/_MotionController
  C:/Users/32853/AppData/Local/Arm/Packs/ARM/CMSIS/5.8.0/CMSIS/Core/Include
  C:/Users/32853/AppData/Local/Arm/Packs/Keil/STM32H7xx_DFP/2.4.0/Drivers/CMSIS/Device/ST/STM32H7xx/Include

<h2>Collection of Component Files used:</h2>

   * Component: ARM::CMSIS:CORE:5.5.0
      Include file:  CMSIS/Core/Include/tz_context.h
Target not created.
Build Time Elapsed:  00:00:04
</pre>
</body>
</html>
